#
# There is insufficient memory for the Java Runtime Environment to continue.
# Native memory allocation (malloc) failed to allocate 145696 bytes for Chunk::new
# Possible reasons:
#   The system is out of physical RAM or swap space
#   The process is running with CompressedOops enabled, and the Java Heap may be blocking the growth of the native heap
# Possible solutions:
#   Reduce memory load on the system
#   Increase physical memory or swap space
#   Check if swap backing store is full
#   Decrease Java heap size (-Xmx/-Xms)
#   Decrease number of Java threads
#   Decrease Java thread stack sizes (-Xss)
#   Set larger code cache with -XX:ReservedCodeCacheSize=
#   JVM is running with Zero Based Compressed Oops mode in which the Java heap is
#     placed in the first 32GB address space. The Java Heap base address is the
#     maximum limit for the native heap growth. Please use -XX:HeapBaseMinAddress
#     to set the Java Heap base and to place the Java Heap above 32GB virtual address.
# This output file may be truncated or incomplete.
#
#  Out of Memory Error (arena.cpp:184), pid=14592, tid=10760
#
# JRE version: Java(TM) SE Runtime Environment (19.0.2+7) (build 19.0.2+7-44)
# Java VM: Java HotSpot(TM) 64-Bit Server VM (19.0.2+7-44, mixed mode, tiered, compressed oops, compressed class ptrs, g1 gc, windows-amd64)
# No core dump will be written. Minidumps are not enabled by default on client versions of Windows
#

---------------  S U M M A R Y ------------

Command Line: -javaagent:C:\Program Files\JetBrains\IntelliJ IDEA 2023.1\lib\idea_rt.jar=61712:C:\Program Files\JetBrains\IntelliJ IDEA 2023.1\bin -Dfile.encoding=UTF-8 -Dsun.stdout.encoding=UTF-8 -Dsun.stderr.encoding=UTF-8 fr.amu.iut.cc3.HelloApplication

Host: AMD Ryzen 5 5600H with Radeon Graphics         , 12 cores, 15G,  Windows 11 , 64 bit Build 22621 (10.0.22621.2070)
Time: Sat Sep 23 21:31:18 2023 Paris, Madrid (heure duild 22621 (10.0.22621.2070) elapsed time: 0.111456 seconds (0d 0h 0m 0s)

---------------  T H R E A D  ---------------

Current thread (0x0000024d444b0320):  JavaThread "C2 CompilerThread0" daemon [_thread_in_native, id=10760, stack(0x000000e94ce00000,0x000000e94cf00000)]


Current CompileTask:
C2:    111  160       4       java.util.HashMap::putVal (300 bytes)

Stack: [0x000000e94ce00000,0x000000e94cf00000]
Native frames: (J=compiled Java code, j=interpreted, Vv=VM code, C=native code)
V  [jvm.dll+0x6ee21a]
V  [jvm.dll+0x85765e]
V  [jvm.dll+0x85904e]
V  [jvm.dll+0x859703]
V  [jvm.dll+0x28298f]
V  [jvm.dll+0xc9adf]
V  [jvm.dll+0xc9e65]
V  [jvm.dll+0x2f7caf]
V  [jvm.dll+0x5f076b]
V  [jvm.dll+0x255483]
V  [jvm.dll+0x24dd00]
V  [jvm.dll+0x24b673]
V  [jvm.dll+0x1d6ce1]
V  [jvm.dll+0x25b25a]
V  [jvm.dll+0x2596e8]
V  [jvm.dll+0x807588]
V  [jvm.dll+0x80125a]
V  [jvm.dll+0x6ecf0b]
C  [ucrtbase.dll+0x29363]
C  [KERNEL32.DLL+0x126ad]
C  [ntdll.dll+0x5aa68]


---------------  P R O C E S S  ---------------

Threads class SMR info:
_java_thread_list=0x0000024d44635ce0, length=11, elements={
0x0000024d1cdfc500, 0x0000024d44499540, 0x0000024d4449ba90, 0x0000024d4447c3f0,
0x0000024d4447e940, 0x0000024d44467420, 0x0000024d444a4ac0, 0x0000024d444b0320,
0x0000024d444b2fe0, 0x0000024d444a5ab0, 0x0000024d444a5010
}

Java Threads: ( => current thread )
  0x0000024d1cdfc500 JavaThread "main" [_thread_in_vm, id=25120, stack(0x000000e94c100000,0x000000e94c200000)]
  0x0000024d44499540 JavaThread "Reference Handler" daemon [_thread_blocked, id=18488, stack(0x000000e94c800000,0x000000e94c900000)]
  0x0000024d4449ba90 JavaThread "Finalizer" daemon [_thread_blocked, id=12780, stack(0x000000e94c900000,0x000000e94ca00000)]
  0x0000024d4447c3f0 JavaThread "Signal Dispatcher" daemon [_thread_blocked, id=24716, stack(0x000000e94ca00000,0x000000e94cb00000)]
  0x0000024d4447e940 JavaThread "Attach Listener" daemon [_thread_blocked, id=9668, stack(0x000000e94cb00000,0x000000e94cc00000)]
  0x0000024d44467420 JavaThread "Service Thread" daemon [_thread_blocked, id=19660, stack(0x000000e94cc00000,0x000000e94cd00000)]
  0x0000024d444a4ac0 JavaThread "Monitor Deflation Thread" daemon [_thread_blocked, id=24696, stack(0x000000e94cd00000,0x000000e94ce00000)]
=>0x0000024d444b0320 JavaThread "C2 CompilerThread0" daemon [_thread_in_native, id=10760, stack(0x000000e94ce00000,0x000000e94cf00000)]
  0x0000024d444b2fe0 JavaThread "C1 CompilerThread0" daemon [_thread_blocked, id=7904, stack(0x000000e94cf00000,0x000000e94d000000)]
  0x0000024d444a5ab0 JavaThread "Sweeper thread" daemon [_thread_blocked, id=25944, stack(0x000000e94d000000,0x000000e94d100000)]
  0x0000024d444a5010 JavaThread "Common-Cleaner" daemon [_thread_blocked, id=19740, stack(0x000000e94d100000,0x000000e94d200000)]

Other Threads:
  0x0000024d401a7c10 VMThread "VM Thread" [stack: 0x000000e94c700000,0x000000e94c800000] [id=24852]
  0x0000024d1ce6ae50 WorkerThread "GC Thread#0" [stack: 0x000000e94c200000,0x000000e94c300000] [id=18988]
  0x0000024d1ce7b3f0 ConcurrentGCThread "G1 Main Marker" [stack: 0x000000e94c300000,0x000000e94c400000] [id=18296]
  0x0000024d1ce7e5f0 WorkerThread "G1 Conc#0" [stack: 0x000000e94c400000,0x000000e94c500000] [id=6388]
  0x0000024d1cebe630 ConcurrentGCThread "G1 Refine#0" [stack: 0x000000e94c500000,0x000000e94c600000] [id=24952]
  0x0000024d400111b0 ConcurrentGCThread "G1 Service" [stack: 0x000000e94c600000,0x000000e94c700000] [id=11400]

Threads with active compile tasks:
C2 CompilerThread0      136  160       4       java.util.HashMap::putVal (300 bytes)

VM state: not at safepoint (normal execution)

VM Mutex/Monitor currently owned by a thread:  ([mutex/lock_event])
[0x0000024d1cdf5850] Metaspace_lock - owner thread: 0x0000024d1cdfc500

Heap address: 0x0000000709c00000, size: 3940 MB, Compressed Oops mode: Zero based, Oop shift amount: 3

CDS archive(s) not mapped
Compressed class space mapped at: 0x0000000800000000-0x0000000840000000, reserved size: 1073741824
Narrow klass base: 0x0000000800000000, Narrow klass shift: 0, Narrow klass range: 0x40000000

GC Precious Log:
 CardTable entry size: 512
 Card Set container configuration: InlinePtr #cards 4 size 8 Array Of Cards #cards 16 size 48 Howl #buckets 8 coarsen threshold 3686 Howl Bitmap #cards 512 size 80 coarsen threshold 460 Card regions per heap region 1 cards per card region 4096
 CPUs: 12 total, 12 available
 Memory: 15754M
 Large Page Support: Disabled
 NUMA Support: Disabled
 Compressed Oops: Enabled (Zero based)
 Heap Region Size: 2M
 Heap Min Capacity: 8M
 Heap Initial Capacity: 248M
 Heap Max Capacity: 3940M
 Pre-touch: Disabled
 Parallel Workers: 10
 Concurrent Workers: 3
 Concurrent Refinement Workers: 10
 Periodic GC: Disabled

Heap:
 garbage-first heap   total 253952K, used 2048K [0x0000000709c00000, 0x0000000800000000)
  region size 2048K, 2 young (4096K), 0 survivors (0K)
 Metaspace       used 5971K, committed 6080K, reserved 1114112K
  class space    used 465K, committed 512K, reserved 1048576K

Heap Regions: E=young(eden), S=young(survivor), O=old, HS=humongous(starts), HC=humongous(continues), CS=collection set, F=free, OA=open archive, CA=closed archive, TAMS=top-at-mark-start (previous, next)
|   0|0x0000000709c00000, 0x0000000709c00000, 0x0000000709e00000|  0%| F|  |TAMS 0x0000000709c00000, 0x0000000709c00000| Untracked 
|   1|0x0000000709e00000, 0x0000000709e00000, 0x000000070a000000|  0%| F|  |TAMS 0x0000000709e00000, 0x0000000709e00000| Untracked 
|   2|0x000000070a000000, 0x000000070a000000, 0x000000070a200000|  0%| F|  |TAMS 0x000000070a000000, 0x000000070a000000| Untracked 
|   3|0x000000070a200000, 0x000000070a200000, 0x000000070a400000|  0%| F|  |TAMS 0x000000070a200000, 0x000000070a200000| Untracked 
|   4|0x000000070a400000, 0x000000070a400000, 0x000000070a600000|  0%| F|  |TAMS 0x000000070a400000, 0x000000070a400000| Untracked 
|   5|0x000000070a600000, 0x000000070a600000, 0x000000070a800000|  0%| F|  |TAMS 0x000000070a600000, 0x000000070a600000| Untracked 
|   6|0x000000070a800000, 0x000000070a800000, 0x000000070aa00000|  0%| F|  |TAMS 0x000000070a800000, 0x000000070a800000| Untracked 
|   7|0x000000070aa00000, 0x000000070aa00000, 0x000000070ac00000|  0%| F|  |TAMS 0x000000070aa00000, 0x000000070aa00000| Untracked 
|   8|0x000000070ac00000, 0x000000070ac00000, 0x000000070ae00000|  0%| F|  |TAMS 0x000000070ac00000, 0x000000070ac00000| Untracked 
|   9|0x000000070ae00000, 0x000000070ae00000, 0x000000070b000000|  0%| F|  |TAMS 0x000000070ae00000, 0x000000070ae00000| Untracked 
|  10|0x000000070b000000, 0x000000070b000000, 0x000000070b200000|  0%| F|  |TAMS 0x000000070b000000, 0x000000070b000000| Untracked 
|  11|0x000000070b200000, 0x000000070b200000, 0x000000070b400000|  0%| F|  |TAMS 0x000000070b200000, 0x000000070b200000| Untracked 
|  12|0x000000070b400000, 0x000000070b400000, 0x000000070b600000|  0%| F|  |TAMS 0x000000070b400000, 0x000000070b400000| Untracked 
|  13|0x000000070b600000, 0x000000070b600000, 0x000000070b800000|  0%| F|  |TAMS 0x000000070b600000, 0x000000070b600000| Untracked 
|  14|0x000000070b800000, 0x000000070b800000, 0x000000070ba00000|  0%| F|  |TAMS 0x000000070b800000, 0x000000070b800000| Untracked 
|  15|0x000000070ba00000, 0x000000070ba00000, 0x000000070bc00000|  0%| F|  |TAMS 0x000000070ba00000, 0x000000070ba00000| Untracked 
|  16|0x000000070bc00000, 0x000000070bc00000, 0x000000070be00000|  0%| F|  |TAMS 0x000000070bc00000, 0x000000070bc00000| Untracked 
|  17|0x000000070be00000, 0x000000070be00000, 0x000000070c000000|  0%| F|  |TAMS 0x000000070be00000, 0x000000070be00000| Untracked 
|  18|0x000000070c000000, 0x000000070c000000, 0x000000070c200000|  0%| F|  |TAMS 0x000000070c000000, 0x000000070c000000| Untracked 
|  19|0x000000070c200000, 0x000000070c200000, 0x000000070c400000|  0%| F|  |TAMS 0x000000070c200000, 0x000000070c200000| Untracked 
|  20|0x000000070c400000, 0x000000070c400000, 0x000000070c600000|  0%| F|  |TAMS 0x000000070c400000, 0x000000070c400000| Untracked 
|  21|0x000000070c600000, 0x000000070c600000, 0x000000070c800000|  0%| F|  |TAMS 0x000000070c600000, 0x000000070c600000| Untracked 
|  22|0x000000070c800000, 0x000000070c800000, 0x000000070ca00000|  0%| F|  |TAMS 0x000000070c800000, 0x000000070c800000| Untracked 
|  23|0x000000070ca00000, 0x000000070ca00000, 0x000000070cc00000|  0%| F|  |TAMS 0x000000070ca00000, 0x000000070ca00000| Untracked 
|  24|0x000000070cc00000, 0x000000070cc00000, 0x000000070ce00000|  0%| F|  |TAMS 0x000000070cc00000, 0x000000070cc00000| Untracked 
|  25|0x000000070ce00000, 0x000000070ce00000, 0x000000070d000000|  0%| F|  |TAMS 0x000000070ce00000, 0x000000070ce00000| Untracked 
|  26|0x000000070d000000, 0x000000070d000000, 0x000000070d200000|  0%| F|  |TAMS 0x000000070d000000, 0x000000070d000000| Untracked 
|  27|0x000000070d200000, 0x000000070d200000, 0x000000070d400000|  0%| F|  |TAMS 0x000000070d200000, 0x000000070d200000| Untracked 
|  28|0x000000070d400000, 0x000000070d400000, 0x000000070d600000|  0%| F|  |TAMS 0x000000070d400000, 0x000000070d400000| Untracked 
|  29|0x000000070d600000, 0x000000070d600000, 0x000000070d800000|  0%| F|  |TAMS 0x000000070d600000, 0x000000070d600000| Untracked 
|  30|0x000000070d800000, 0x000000070d800000, 0x000000070da00000|  0%| F|  |TAMS 0x000000070d800000, 0x000000070d800000| Untracked 
|  31|0x000000070da00000, 0x000000070da00000, 0x000000070dc00000|  0%| F|  |TAMS 0x000000070da00000, 0x000000070da00000| Untracked 
|  32|0x000000070dc00000, 0x000000070dc00000, 0x000000070de00000|  0%| F|  |TAMS 0x000000070dc00000, 0x000000070dc00000| Untracked 
|  33|0x000000070de00000, 0x000000070de00000, 0x000000070e000000|  0%| F|  |TAMS 0x000000070de00000, 0x000000070de00000| Untracked 
|  34|0x000000070e000000, 0x000000070e000000, 0x000000070e200000|  0%| F|  |TAMS 0x000000070e000000, 0x000000070e000000| Untracked 
|  35|0x000000070e200000, 0x000000070e200000, 0x000000070e400000|  0%| F|  |TAMS 0x000000070e200000, 0x000000070e200000| Untracked 
|  36|0x000000070e400000, 0x000000070e400000, 0x000000070e600000|  0%| F|  |TAMS 0x000000070e400000, 0x000000070e400000| Untracked 
|  37|0x000000070e600000, 0x000000070e600000, 0x000000070e800000|  0%| F|  |TAMS 0x000000070e600000, 0x000000070e600000| Untracked 
|  38|0x000000070e800000, 0x000000070e800000, 0x000000070ea00000|  0%| F|  |TAMS 0x000000070e800000, 0x000000070e800000| Untracked 
|  39|0x000000070ea00000, 0x000000070ea00000, 0x000000070ec00000|  0%| F|  |TAMS 0x000000070ea00000, 0x000000070ea00000| Untracked 
|  40|0x000000070ec00000, 0x000000070ec00000, 0x000000070ee00000|  0%| F|  |TAMS 0x000000070ec00000, 0x000000070ec00000| Untracked 
|  41|0x000000070ee00000, 0x000000070ee00000, 0x000000070f000000|  0%| F|  |TAMS 0x000000070ee00000, 0x000000070ee00000| Untracked 
|  42|0x000000070f000000, 0x000000070f000000, 0x000000070f200000|  0%| F|  |TAMS 0x000000070f000000, 0x000000070f000000| Untracked 
|  43|0x000000070f200000, 0x000000070f200000, 0x000000070f400000|  0%| F|  |TAMS 0x000000070f200000, 0x000000070f200000| Untracked 
|  44|0x000000070f400000, 0x000000070f400000, 0x000000070f600000|  0%| F|  |TAMS 0x000000070f400000, 0x000000070f400000| Untracked 
|  45|0x000000070f600000, 0x000000070f600000, 0x000000070f800000|  0%| F|  |TAMS 0x000000070f600000, 0x000000070f600000| Untracked 
|  46|0x000000070f800000, 0x000000070f800000, 0x000000070fa00000|  0%| F|  |TAMS 0x000000070f800000, 0x000000070f800000| Untracked 
|  47|0x000000070fa00000, 0x000000070fa00000, 0x000000070fc00000|  0%| F|  |TAMS 0x000000070fa00000, 0x000000070fa00000| Untracked 
|  48|0x000000070fc00000, 0x000000070fc00000, 0x000000070fe00000|  0%| F|  |TAMS 0x000000070fc00000, 0x000000070fc00000| Untracked 
|  49|0x000000070fe00000, 0x000000070fe00000, 0x0000000710000000|  0%| F|  |TAMS 0x000000070fe00000, 0x000000070fe00000| Untracked 
|  50|0x0000000710000000, 0x0000000710000000, 0x0000000710200000|  0%| F|  |TAMS 0x0000000710000000, 0x0000000710000000| Untracked 
|  51|0x0000000710200000, 0x0000000710200000, 0x0000000710400000|  0%| F|  |TAMS 0x0000000710200000, 0x0000000710200000| Untracked 
|  52|0x0000000710400000, 0x0000000710400000, 0x0000000710600000|  0%| F|  |TAMS 0x0000000710400000, 0x0000000710400000| Untracked 
|  53|0x0000000710600000, 0x0000000710600000, 0x0000000710800000|  0%| F|  |TAMS 0x0000000710600000, 0x0000000710600000| Untracked 
|  54|0x0000000710800000, 0x0000000710800000, 0x0000000710a00000|  0%| F|  |TAMS 0x0000000710800000, 0x0000000710800000| Untracked 
|  55|0x0000000710a00000, 0x0000000710a00000, 0x0000000710c00000|  0%| F|  |TAMS 0x0000000710a00000, 0x0000000710a00000| Untracked 
|  56|0x0000000710c00000, 0x0000000710c00000, 0x0000000710e00000|  0%| F|  |TAMS 0x0000000710c00000, 0x0000000710c00000| Untracked 
|  57|0x0000000710e00000, 0x0000000710e00000, 0x0000000711000000|  0%| F|  |TAMS 0x0000000710e00000, 0x0000000710e00000| Untracked 
|  58|0x0000000711000000, 0x0000000711000000, 0x0000000711200000|  0%| F|  |TAMS 0x0000000711000000, 0x0000000711000000| Untracked 
|  59|0x0000000711200000, 0x0000000711200000, 0x0000000711400000|  0%| F|  |TAMS 0x0000000711200000, 0x0000000711200000| Untracked 
|  60|0x0000000711400000, 0x0000000711400000, 0x0000000711600000|  0%| F|  |TAMS 0x0000000711400000, 0x0000000711400000| Untracked 
|  61|0x0000000711600000, 0x0000000711600000, 0x0000000711800000|  0%| F|  |TAMS 0x0000000711600000, 0x0000000711600000| Untracked 
|  62|0x0000000711800000, 0x0000000711800000, 0x0000000711a00000|  0%| F|  |TAMS 0x0000000711800000, 0x0000000711800000| Untracked 
|  63|0x0000000711a00000, 0x0000000711a00000, 0x0000000711c00000|  0%| F|  |TAMS 0x0000000711a00000, 0x0000000711a00000| Untracked 
|  64|0x0000000711c00000, 0x0000000711c00000, 0x0000000711e00000|  0%| F|  |TAMS 0x0000000711c00000, 0x0000000711c00000| Untracked 
|  65|0x0000000711e00000, 0x0000000711e00000, 0x0000000712000000|  0%| F|  |TAMS 0x0000000711e00000, 0x0000000711e00000| Untracked 
|  66|0x0000000712000000, 0x0000000712000000, 0x0000000712200000|  0%| F|  |TAMS 0x0000000712000000, 0x0000000712000000| Untracked 
|  67|0x0000000712200000, 0x0000000712200000, 0x0000000712400000|  0%| F|  |TAMS 0x0000000712200000, 0x0000000712200000| Untracked 
|  68|0x0000000712400000, 0x0000000712400000, 0x0000000712600000|  0%| F|  |TAMS 0x0000000712400000, 0x0000000712400000| Untracked 
|  69|0x0000000712600000, 0x0000000712600000, 0x0000000712800000|  0%| F|  |TAMS 0x0000000712600000, 0x0000000712600000| Untracked 
|  70|0x0000000712800000, 0x0000000712800000, 0x0000000712a00000|  0%| F|  |TAMS 0x0000000712800000, 0x0000000712800000| Untracked 
|  71|0x0000000712a00000, 0x0000000712a00000, 0x0000000712c00000|  0%| F|  |TAMS 0x0000000712a00000, 0x0000000712a00000| Untracked 
|  72|0x0000000712c00000, 0x0000000712c00000, 0x0000000712e00000|  0%| F|  |TAMS 0x0000000712c00000, 0x0000000712c00000| Untracked 
|  73|0x0000000712e00000, 0x0000000712e00000, 0x0000000713000000|  0%| F|  |TAMS 0x0000000712e00000, 0x0000000712e00000| Untracked 
|  74|0x0000000713000000, 0x0000000713000000, 0x0000000713200000|  0%| F|  |TAMS 0x0000000713000000, 0x0000000713000000| Untracked 
|  75|0x0000000713200000, 0x0000000713200000, 0x0000000713400000|  0%| F|  |TAMS 0x0000000713200000, 0x0000000713200000| Untracked 
|  76|0x0000000713400000, 0x0000000713400000, 0x0000000713600000|  0%| F|  |TAMS 0x0000000713400000, 0x0000000713400000| Untracked 
|  77|0x0000000713600000, 0x0000000713600000, 0x0000000713800000|  0%| F|  |TAMS 0x0000000713600000, 0x0000000713600000| Untracked 
|  78|0x0000000713800000, 0x0000000713800000, 0x0000000713a00000|  0%| F|  |TAMS 0x0000000713800000, 0x0000000713800000| Untracked 
|  79|0x0000000713a00000, 0x0000000713a00000, 0x0000000713c00000|  0%| F|  |TAMS 0x0000000713a00000, 0x0000000713a00000| Untracked 
|  80|0x0000000713c00000, 0x0000000713c00000, 0x0000000713e00000|  0%| F|  |TAMS 0x0000000713c00000, 0x0000000713c00000| Untracked 
|  81|0x0000000713e00000, 0x0000000713e00000, 0x0000000714000000|  0%| F|  |TAMS 0x0000000713e00000, 0x0000000713e00000| Untracked 
|  82|0x0000000714000000, 0x0000000714000000, 0x0000000714200000|  0%| F|  |TAMS 0x0000000714000000, 0x0000000714000000| Untracked 
|  83|0x0000000714200000, 0x0000000714200000, 0x0000000714400000|  0%| F|  |TAMS 0x0000000714200000, 0x0000000714200000| Untracked 
|  84|0x0000000714400000, 0x0000000714400000, 0x0000000714600000|  0%| F|  |TAMS 0x0000000714400000, 0x0000000714400000| Untracked 
|  85|0x0000000714600000, 0x0000000714600000, 0x0000000714800000|  0%| F|  |TAMS 0x0000000714600000, 0x0000000714600000| Untracked 
|  86|0x0000000714800000, 0x0000000714800000, 0x0000000714a00000|  0%| F|  |TAMS 0x0000000714800000, 0x0000000714800000| Untracked 
|  87|0x0000000714a00000, 0x0000000714a00000, 0x0000000714c00000|  0%| F|  |TAMS 0x0000000714a00000, 0x0000000714a00000| Untracked 
|  88|0x0000000714c00000, 0x0000000714c00000, 0x0000000714e00000|  0%| F|  |TAMS 0x0000000714c00000, 0x0000000714c00000| Untracked 
|  89|0x0000000714e00000, 0x0000000714e00000, 0x0000000715000000|  0%| F|  |TAMS 0x0000000714e00000, 0x0000000714e00000| Untracked 
|  90|0x0000000715000000, 0x0000000715000000, 0x0000000715200000|  0%| F|  |TAMS 0x0000000715000000, 0x0000000715000000| Untracked 
|  91|0x0000000715200000, 0x0000000715200000, 0x0000000715400000|  0%| F|  |TAMS 0x0000000715200000, 0x0000000715200000| Untracked 
|  92|0x0000000715400000, 0x0000000715400000, 0x0000000715600000|  0%| F|  |TAMS 0x0000000715400000, 0x0000000715400000| Untracked 
|  93|0x0000000715600000, 0x0000000715600000, 0x0000000715800000|  0%| F|  |TAMS 0x0000000715600000, 0x0000000715600000| Untracked 
|  94|0x0000000715800000, 0x0000000715800000, 0x0000000715a00000|  0%| F|  |TAMS 0x0000000715800000, 0x0000000715800000| Untracked 
|  95|0x0000000715a00000, 0x0000000715a00000, 0x0000000715c00000|  0%| F|  |TAMS 0x0000000715a00000, 0x0000000715a00000| Untracked 
|  96|0x0000000715c00000, 0x0000000715c00000, 0x0000000715e00000|  0%| F|  |TAMS 0x0000000715c00000, 0x0000000715c00000| Untracked 
|  97|0x0000000715e00000, 0x0000000715e00000, 0x0000000716000000|  0%| F|  |TAMS 0x0000000715e00000, 0x0000000715e00000| Untracked 
|  98|0x0000000716000000, 0x0000000716000000, 0x0000000716200000|  0%| F|  |TAMS 0x0000000716000000, 0x0000000716000000| Untracked 
|  99|0x0000000716200000, 0x0000000716200000, 0x0000000716400000|  0%| F|  |TAMS 0x0000000716200000, 0x0000000716200000| Untracked 
| 100|0x0000000716400000, 0x0000000716400000, 0x0000000716600000|  0%| F|  |TAMS 0x0000000716400000, 0x0000000716400000| Untracked 
| 101|0x0000000716600000, 0x0000000716600000, 0x0000000716800000|  0%| F|  |TAMS 0x0000000716600000, 0x0000000716600000| Untracked 
| 102|0x0000000716800000, 0x0000000716800000, 0x0000000716a00000|  0%| F|  |TAMS 0x0000000716800000, 0x0000000716800000| Untracked 
| 103|0x0000000716a00000, 0x0000000716a00000, 0x0000000716c00000|  0%| F|  |TAMS 0x0000000716a00000, 0x0000000716a00000| Untracked 
| 104|0x0000000716c00000, 0x0000000716c00000, 0x0000000716e00000|  0%| F|  |TAMS 0x0000000716c00000, 0x0000000716c00000| Untracked 
| 105|0x0000000716e00000, 0x0000000716e00000, 0x0000000717000000|  0%| F|  |TAMS 0x0000000716e00000, 0x0000000716e00000| Untracked 
| 106|0x0000000717000000, 0x0000000717000000, 0x0000000717200000|  0%| F|  |TAMS 0x0000000717000000, 0x0000000717000000| Untracked 
| 107|0x0000000717200000, 0x0000000717200000, 0x0000000717400000|  0%| F|  |TAMS 0x0000000717200000, 0x0000000717200000| Untracked 
| 108|0x0000000717400000, 0x0000000717400000, 0x0000000717600000|  0%| F|  |TAMS 0x0000000717400000, 0x0000000717400000| Untracked 
| 109|0x0000000717600000, 0x0000000717600000, 0x0000000717800000|  0%| F|  |TAMS 0x0000000717600000, 0x0000000717600000| Untracked 
| 110|0x0000000717800000, 0x0000000717800000, 0x0000000717a00000|  0%| F|  |TAMS 0x0000000717800000, 0x0000000717800000| Untracked 
| 111|0x0000000717a00000, 0x0000000717a00000, 0x0000000717c00000|  0%| F|  |TAMS 0x0000000717a00000, 0x0000000717a00000| Untracked 
| 112|0x0000000717c00000, 0x0000000717c00000, 0x0000000717e00000|  0%| F|  |TAMS 0x0000000717c00000, 0x0000000717c00000| Untracked 
| 113|0x0000000717e00000, 0x0000000717e00000, 0x0000000718000000|  0%| F|  |TAMS 0x0000000717e00000, 0x0000000717e00000| Untracked 
| 114|0x0000000718000000, 0x0000000718000000, 0x0000000718200000|  0%| F|  |TAMS 0x0000000718000000, 0x0000000718000000| Untracked 
| 115|0x0000000718200000, 0x0000000718200000, 0x0000000718400000|  0%| F|  |TAMS 0x0000000718200000, 0x0000000718200000| Untracked 
| 116|0x0000000718400000, 0x0000000718400000, 0x0000000718600000|  0%| F|  |TAMS 0x0000000718400000, 0x0000000718400000| Untracked 
| 117|0x0000000718600000, 0x0000000718600000, 0x0000000718800000|  0%| F|  |TAMS 0x0000000718600000, 0x0000000718600000| Untracked 
| 118|0x0000000718800000, 0x0000000718800000, 0x0000000718a00000|  0%| F|  |TAMS 0x0000000718800000, 0x0000000718800000| Untracked 
| 119|0x0000000718a00000, 0x0000000718a00000, 0x0000000718c00000|  0%| F|  |TAMS 0x0000000718a00000, 0x0000000718a00000| Untracked 
| 120|0x0000000718c00000, 0x0000000718c00000, 0x0000000718e00000|  0%| F|  |TAMS 0x0000000718c00000, 0x0000000718c00000| Untracked 
| 121|0x0000000718e00000, 0x0000000718e00000, 0x0000000719000000|  0%| F|  |TAMS 0x0000000718e00000, 0x0000000718e00000| Untracked 
| 122|0x0000000719000000, 0x00000007190e1ca0, 0x0000000719200000| 44%| E|  |TAMS 0x0000000719000000, 0x0000000719000000| Complete 
| 123|0x0000000719200000, 0x0000000719400000, 0x0000000719400000|100%| E|CS|TAMS 0x0000000719200000, 0x0000000719200000| Complete 

Card table byte_map: [0x0000024d34a70000,0x0000024d35230000] _byte_map_base: 0x0000024d31222000

Marking Bits (Prev, Next): (CMBitMap*) 0x0000024d1ce6b480, (CMBitMap*) 0x0000024d1ce6b4c0
 Prev Bits: [0x0000024d359f0000, 0x0000024d39780000)
 Next Bits: [0x0000024d39780000, 0x0000024d3d510000)

Polling page: 0x0000024d1ad60000

Metaspace:

Usage:
  Non-class:      5.38 MB used.
      Class:    465.20 KB used.
       Both:      5.83 MB used.

Virtual space:
  Non-class space:       64.00 MB reserved,       5.44 MB (  8%) committed,  1 nodes.
      Class space:        1.00 GB reserved,     512.00 KB ( <1%) committed,  1 nodes.
             Both:        1.06 GB reserved,       5.94 MB ( <1%) committed. 

Chunk freelists:
   Non-Class:  2.50 MB
       Class:  3.53 MB
        Both:  6.02 MB

MaxMetaspaceSize: unlimited
CompressedClassSpaceSize: 1.00 GB
Initial GC threshold: 21.00 MB
Current GC threshold: 21.00 MB
CDS: off
MetaspaceReclaimPolicy: balanced
 - commit_granule_bytes: 65536.
 - commit_granule_words: 8192.
 - virtual_space_node_default_size: 8388608.
 - enlarge_chunks_in_place: 1.
 - new_chunks_are_fully_committed: 0.
 - uncommit_free_chunks: 1.
 - use_allocation_guard: 0.


Internal statistics:

num_allocs_failed_limit: 0.
num_arena_births: 6.
num_arena_deaths: 0.
num_vsnodes_births: 2.
num_vsnodes_deaths: 0.
num_space_committed: 95.
num_space_uncommitted: 0.
num_chunks_returned_to_freelist: 0.
num_chunks_taken_from_freelist: 12.
num_chunk_merges: 0.
num_chunk_splits: 5.
num_chunks_enlarged: 2.
num_inconsistent_stats: 0.

CodeHeap 'non-profiled nmethods': size=120000Kb used=52Kb max_used=52Kb free=119947Kb
 bounds [0x0000024d2c830000, 0x0000024d2caa0000, 0x0000024d33d60000]
CodeHeap 'profiled nmethods': size=120000Kb used=188Kb max_used=188Kb free=119811Kb
 bounds [0x0000024d24d60000, 0x0000024d24fd0000, 0x0000024d2c290000]
CodeHeap 'non-nmethods': size=5760Kb used=1183Kb max_used=1183Kb free=4576Kb
 bounds [0x0000024d2c290000, 0x0000024d2c500000, 0x0000024d2c830000]
 total_blobs=549 nmethods=175 adapters=285
 compilation: enabled
              stopped_count=0, restarted_count=0
 full_count=0

Compilation events (20 events):
Event: 0.108 Thread 0x0000024d444b0320  160       4       java.util.HashMap::putVal (300 bytes)
Event: 0.108 Thread 0x0000024d444b2fe0 nmethod 159 0x0000024d2c83bf10 code [0x0000024d2c83c0a0, 0x0000024d2c83c178]
Event: 0.108 Thread 0x0000024d444b2fe0  161       1       java.lang.module.ResolvedModule::reference (5 bytes)
Event: 0.108 Thread 0x0000024d444b2fe0 nmethod 161 0x0000024d2c83c210 code [0x0000024d2c83c3a0, 0x0000024d2c83c478]
Event: 0.108 Thread 0x0000024d444b2fe0  163       3       java.util.AbstractMap::<init> (5 bytes)
Event: 0.108 Thread 0x0000024d444b2fe0 nmethod 163 0x0000024d24d8b690 code [0x0000024d24d8b840, 0x0000024d24d8b998]
Event: 0.108 Thread 0x0000024d444b2fe0  162       3       java.lang.module.ResolvedModule::name (11 bytes)
Event: 0.108 Thread 0x0000024d444b2fe0 nmethod 162 0x0000024d24d8ba90 code [0x0000024d24d8bc40, 0x0000024d24d8bdb8]
Event: 0.108 Thread 0x0000024d444b2fe0  164       3       java.util.HashSet::<init> (16 bytes)
Event: 0.108 Thread 0x0000024d444b2fe0 nmethod 164 0x0000024d24d8be90 code [0x0000024d24d8c060, 0x0000024d24d8c478]
Event: 0.109 Thread 0x0000024d444b2fe0  166       3       java.lang.Math::max (11 bytes)
Event: 0.109 Thread 0x0000024d444b2fe0 nmethod 166 0x0000024d24d8c610 code [0x0000024d24d8c7a0, 0x0000024d24d8c8d8]
Event: 0.109 Thread 0x0000024d444b2fe0  167       1       java.lang.module.ResolvedModule::configuration (5 bytes)
Event: 0.109 Thread 0x0000024d444b2fe0 nmethod 167 0x0000024d2c83c510 code [0x0000024d2c83c6a0, 0x0000024d2c83c778]
Event: 0.109 Thread 0x0000024d444b2fe0  168       1       java.lang.module.ModuleDescriptor::isOpen (5 bytes)
Event: 0.109 Thread 0x0000024d444b2fe0 nmethod 168 0x0000024d2c83c810 code [0x0000024d2c83c9a0, 0x0000024d2c83ca78]
Event: 0.109 Thread 0x0000024d444b2fe0  169       1       java.util.HashMap::size (5 bytes)
Event: 0.109 Thread 0x0000024d444b2fe0 nmethod 169 0x0000024d2c83cb10 code [0x0000024d2c83cca0, 0x0000024d2c83cd58]
Event: 0.109 Thread 0x0000024d444b2fe0  170       1       java.lang.module.ModuleDescriptor$Provides::service (5 bytes)
Event: 0.109 Thread 0x0000024d444b2fe0 nmethod 170 0x0000024d2c83ce10 code [0x0000024d2c83cfa0, 0x0000024d2c83d078]

GC Heap History (0 events):
No events

Dll operation events (2 events):
Event: 0.009 Loaded shared library C:\Program Files\Java\jdk-19\bin\java.dll
Event: 0.030 Loaded shared library C:\Program Files\Java\jdk-19\bin\jsvml.dll

Deoptimization events (0 events):
No events

Classes loaded (20 events):
Event: 0.100 Loading class java/util/Collections$UnmodifiableCollection$1
Event: 0.101 Loading class java/util/Collections$UnmodifiableCollection$1 done
Event: 0.101 Loading class java/lang/module/ResolvedModule
Event: 0.101 Loading class java/lang/module/ResolvedModule done
Event: 0.106 Loading class jdk/internal/module/ModuleLoaderMap
Event: 0.106 Loading class jdk/internal/module/ModuleLoaderMap done
Event: 0.106 Loading class jdk/internal/module/ModuleLoaderMap$Mapper
Event: 0.106 Loading class jdk/internal/module/ModuleLoaderMap$Mapper done
Event: 0.106 Loading class jdk/internal/module/ModuleLoaderMap$Modules
Event: 0.106 Loading class jdk/internal/module/ModuleLoaderMap$Modules done
Event: 0.109 Loading class jdk/internal/loader/AbstractClassLoaderValue$Memoizer
Event: 0.109 Loading class jdk/internal/loader/AbstractClassLoaderValue$Memoizer done
Event: 0.109 Loading class jdk/internal/module/ServicesCatalog$ServiceProvider
Event: 0.109 Loading class jdk/internal/module/ServicesCatalog$ServiceProvider done
Event: 0.109 Loading class java/util/concurrent/CopyOnWriteArrayList
Event: 0.110 Loading class java/util/concurrent/CopyOnWriteArrayList done
Event: 0.110 Loading class java/lang/ModuleLayer$Controller
Event: 0.110 Loading class java/lang/ModuleLayer$Controller done
Event: 0.110 Loading class jdk/internal/module/ModuleBootstrap$SafeModuleFinder
Event: 0.110 Loading class jdk/internal/module/ModuleBootstrap$SafeModuleFinder done

Classes unloaded (0 events):
No events

Classes redefined (0 events):
No events

Internal exceptions (0 events):
No events

VM Operations (2 events):
Event: 0.100 Executing VM operation: HandshakeAllThreads
Event: 0.100 Executing VM operation: HandshakeAllThreads done

Events (11 events):
Event: 0.030 Thread 0x0000024d1cdfc500 Thread added: 0x0000024d1cdfc500
Event: 0.048 Thread 0x0000024d44499540 Thread added: 0x0000024d44499540
Event: 0.048 Thread 0x0000024d4449ba90 Thread added: 0x0000024d4449ba90
Event: 0.049 Thread 0x0000024d4447c3f0 Thread added: 0x0000024d4447c3f0
Event: 0.049 Thread 0x0000024d4447e940 Thread added: 0x0000024d4447e940
Event: 0.049 Thread 0x0000024d44467420 Thread added: 0x0000024d44467420
Event: 0.049 Thread 0x0000024d444a4ac0 Thread added: 0x0000024d444a4ac0
Event: 0.049 Thread 0x0000024d444b0320 Thread added: 0x0000024d444b0320
Event: 0.049 Thread 0x0000024d444b2fe0 Thread added: 0x0000024d444b2fe0
Event: 0.049 Thread 0x0000024d444a5ab0 Thread added: 0x0000024d444a5ab0
Event: 0.088 Thread 0x0000024d444a5010 Thread added: 0x0000024d444a5010


Dynamic libraries:
0x00007ff711410000 - 0x00007ff711420000 	C:\Program Files\Java\jdk-19\bin\java.exe
0x00007ffcd70d0000 - 0x00007ffcd72e4000 	C:\WINDOWS\SYSTEM32\ntdll.dll
0x00007ffcd5660000 - 0x00007ffcd5724000 	C:\WINDOWS\System32\KERNEL32.DLL
0x00007ffcd4710000 - 0x00007ffcd4ab4000 	C:\WINDOWS\System32\KERNELBASE.dll
0x00007ffcd4cb0000 - 0x00007ffcd4dc1000 	C:\WINDOWS\System32\ucrtbase.dll
0x00007ffcc00f0000 - 0x00007ffcc010b000 	C:\Program Files\Java\jdk-19\bin\VCRUNTIME140.dll
0x00007ffcc6590000 - 0x00007ffcc65a8000 	C:\Program Files\Java\jdk-19\bin\jli.dll
0x00007ffcd55b0000 - 0x00007ffcd5660000 	C:\WINDOWS\System32\ADVAPI32.dll
0x00007ffcd58b0000 - 0x00007ffcd5957000 	C:\WINDOWS\System32\msvcrt.dll
0x00007ffcd61f0000 - 0x00007ffcd6296000 	C:\WINDOWS\System32\sechost.dll
0x00007ffcd68f0000 - 0x00007ffcd6a07000 	C:\WINDOWS\System32\RPCRT4.dll
0x00007ffcd64f0000 - 0x00007ffcd669a000 	C:\WINDOWS\System32\USER32.dll
0x00007ffcc24f0000 - 0x00007ffcc277f000 	C:\WINDOWS\WinSxS\amd64_microsoft.windows.common-controls_6595b64144ccf1df_6.0.22621.2070_none_2713e6537381f706\COMCTL32.dll
0x00007ffcd45c0000 - 0x00007ffcd45e6000 	C:\WINDOWS\System32\win32u.dll
0x00007ffcd6180000 - 0x00007ffcd61a9000 	C:\WINDOWS\System32\GDI32.dll
0x00007ffcd45f0000 - 0x00007ffcd4709000 	C:\WINDOWS\System32\gdi32full.dll
0x00007ffcd4520000 - 0x00007ffcd45ba000 	C:\WINDOWS\System32\msvcp_win.dll
0x00007ffccd840000 - 0x00007ffccd84a000 	C:\WINDOWS\SYSTEM32\VERSION.dll
0x00007ffcd61b0000 - 0x00007ffcd61e1000 	C:\WINDOWS\System32\IMM32.DLL
0x00007ffcca3d0000 - 0x00007ffcca3dc000 	C:\Program Files\Java\jdk-19\bin\vcruntime140_1.dll
0x00007ffca57a0000 - 0x00007ffca582e000 	C:\Program Files\Java\jdk-19\bin\msvcp140.dll
0x00007ffc71cd0000 - 0x00007ffc72990000 	C:\Program Files\Java\jdk-19\bin\server\jvm.dll
0x00007ffccf8f0000 - 0x00007ffccf8f9000 	C:\WINDOWS\SYSTEM32\WSOCK32.dll
0x00007ffcce610000 - 0x00007ffcce644000 	C:\WINDOWS\SYSTEM32\WINMM.dll
0x00007ffcd7010000 - 0x00007ffcd7081000 	C:\WINDOWS\System32\WS2_32.dll
0x00007ffcd34f0000 - 0x00007ffcd3508000 	C:\WINDOWS\SYSTEM32\kernel.appcore.dll
0x00007ffccea10000 - 0x00007ffccea1a000 	C:\Program Files\Java\jdk-19\bin\jimage.dll
0x00007ffccd390000 - 0x00007ffccd5be000 	C:\WINDOWS\SYSTEM32\DBGHELP.DLL
0x00007ffcd5220000 - 0x00007ffcd55aa000 	C:\WINDOWS\System32\combase.dll
0x00007ffcd5760000 - 0x00007ffcd5837000 	C:\WINDOWS\System32\OLEAUT32.dll
0x00007ffccd350000 - 0x00007ffccd382000 	C:\WINDOWS\SYSTEM32\dbgcore.DLL
0x00007ffcd4ac0000 - 0x00007ffcd4b3a000 	C:\WINDOWS\System32\bcryptPrimitives.dll
0x00007ffccbc60000 - 0x00007ffccbc6e000 	C:\Program Files\Java\jdk-19\bin\instrument.dll
0x00007ffccbad0000 - 0x00007ffccbaf6000 	C:\Program Files\Java\jdk-19\bin\java.dll
0x00007ffcaf1d0000 - 0x00007ffcaf2a7000 	C:\Program Files\Java\jdk-19\bin\jsvml.dll
0x00007ffcd5960000 - 0x00007ffcd6176000 	C:\WINDOWS\System32\SHELL32.dll
0x00007ffcd2480000 - 0x00007ffcd2d6a000 	C:\WINDOWS\SYSTEM32\windows.storage.dll
0x00007ffcd2340000 - 0x00007ffcd247e000 	C:\WINDOWS\SYSTEM32\wintypes.dll
0x00007ffcd5020000 - 0x00007ffcd5113000 	C:\WINDOWS\System32\SHCORE.dll
0x00007ffcd4fc0000 - 0x00007ffcd501e000 	C:\WINDOWS\System32\shlwapi.dll
0x00007ffcd43e0000 - 0x00007ffcd4406000 	C:\WINDOWS\SYSTEM32\profapi.dll
0x00007ffccbbe0000 - 0x00007ffccbbf8000 	C:\Program Files\Java\jdk-19\bin\zip.dll
0x00007ffcce100000 - 0x00007ffcce113000 	C:\Program Files\Java\jdk-19\bin\net.dll
0x00007ffccfc40000 - 0x00007ffccfd77000 	C:\WINDOWS\SYSTEM32\WINHTTP.dll
0x00007ffcd3970000 - 0x00007ffcd39d9000 	C:\WINDOWS\system32\mswsock.dll
0x00007ffccc060000 - 0x00007ffccc076000 	C:\Program Files\Java\jdk-19\bin\nio.dll

dbghelp: loaded successfully - version: 4.0.5 - missing functions: none
symbol engine: initialized successfully - sym options: 0x614 - pdb path: .;C:\Program Files\Java\jdk-19\bin;C:\WINDOWS\SYSTEM32;C:\WINDOWS\WinSxS\amd64_microsoft.windows.common-controls_6595b64144ccf1df_6.0.22621.2070_none_2713e6537381f706;C:\Program Files\Java\jdk-19\bin\server

VM Arguments:
jvm_args: -javaagent:C:\Program Files\JetBrains\IntelliJ IDEA 2023.1\lib\idea_rt.jar=61712:C:\Program Files\JetBrains\IntelliJ IDEA 2023.1\bin -Dfile.encoding=UTF-8 -Dsun.stdout.encoding=UTF-8 -Dsun.stderr.encoding=UTF-8 
java_command: fr.amu.iut.cc3.HelloApplication
java_class_path (initial): C:\Users\lucie\OneDrive\Documents\SAE_IHM-main\target\test-classes;C:\Users\lucie\OneDrive\Documents\SAE_IHM-main\target\classes;C:\Users\lucie\.m2\repository\org\openjfx\javafx-controls\16\javafx-controls-16.jar;C:\Users\lucie\.m2\repository\org\openjfx\javafx-controls\16\javafx-controls-16-win.jar;C:\Users\lucie\.m2\repository\org\openjfx\javafx-graphics\16\javafx-graphics-16.jar;C:\Users\lucie\.m2\repository\org\openjfx\javafx-graphics\16\javafx-graphics-16-win.jar;C:\Users\lucie\.m2\repository\org\openjfx\javafx-fxml\18.0.1\javafx-fxml-18.0.1.jar;C:\Users\lucie\.m2\repository\org\openjfx\javafx-fxml\18.0.1\javafx-fxml-18.0.1-win.jar;C:\Users\lucie\.m2\repository\org\junit\jupiter\junit-jupiter-api\5.8.2\junit-jupiter-api-5.8.2.jar;C:\Users\lucie\.m2\repository\org\opentest4j\opentest4j\1.2.0\opentest4j-1.2.0.jar;C:\Users\lucie\.m2\repository\org\junit\platform\junit-platform-commons\1.8.2\junit-platform-commons-1.8.2.jar;C:\Users\lucie\.m2\repository\org\apiguardian\apiguardian-api\1.1.2\apiguardian-api-1.1.2.jar;C:\Users\lucie\.m2\repository\org\junit\jupiter\junit-jupiter-engine\5.8.2\junit-jupiter-engine-5.8.2.jar;C:\Users\lucie\.m2\repository\org\junit\platform\junit-platform-engine\1.8.2\junit-platform-engine-1.8.2.jar;C:\Users\lucie\.m2\repository\com\gluonhq\attach\util\4.0.11\util-4.0.11.jar;C:\Users\lucie\.m2\repository\com\gluonhq\attach\storage\4.0.11\storage-4.0.11-desktop.jar;C:\Users\lucie\.m2\repository\com\gluonhq\maps\2.0.0-ea+1\maps-2.0.0-ea+1.jar;C:\Users\lucie\.m2\repository\org\openjfx\javafx-base\11.0.2\javafx-base-11.0.2.jar;C:\Users\lucie\.m2\repository\org\openjfx\javafx-base\11.0.2\javafx-base-11.0.2-win.jar
Launcher Type: SUN_STANDARD

[Global flags]
     intx CICompilerCount                          = 4                                         {product} {ergonomic}
     uint ConcGCThreads                            = 3                                         {product} {ergonomic}
     uint G1ConcRefinementThreads                  = 10                                        {product} {ergonomic}
   size_t G1HeapRegionSize                         = 2097152                                   {product} {ergonomic}
    uintx GCDrainStackTargetSize                   = 64                                        {product} {ergonomic}
   size_t InitialHeapSize                          = 260046848                                 {product} {ergonomic}
   size_t MarkStackSize                            = 4194304                                   {product} {ergonomic}
   size_t MaxHeapSize                              = 4131389440                                {product} {ergonomic}
   size_t MaxNewSize                               = 2478833664                                {product} {ergonomic}
   size_t MinHeapDeltaBytes                        = 2097152                                   {product} {ergonomic}
   size_t MinHeapSize                              = 8388608                                   {product} {ergonomic}
    uintx NonNMethodCodeHeapSize                   = 5839372                                {pd product} {ergonomic}
    uintx NonProfiledCodeHeapSize                  = 122909434                              {pd product} {ergonomic}
    uintx ProfiledCodeHeapSize                     = 122909434                              {pd product} {ergonomic}
    uintx ReservedCodeCacheSize                    = 251658240                              {pd product} {ergonomic}
     bool SegmentedCodeCache                       = true                                      {product} {ergonomic}
   size_t SoftMaxHeapSize                          = 4131389440                             {manageable} {ergonomic}
     bool UseCompressedClassPointers               = true                           {product lp64_product} {ergonomic}
     bool UseCompressedOops                        = true                           {product lp64_product} {ergonomic}
     bool UseG1GC                                  = true                                      {product} {ergonomic}
     bool UseLargePagesIndividualAllocation        = false                                  {pd product} {ergonomic}

Logging:
Log output configuration:
 #0: stdout all=warning uptime,level,tags foldmultilines=false
 #1: stderr all=off uptime,level,tags foldmultilines=false

Environment Variables:
PATH=C:\Program Files\Common Files\Oracle\Java\javapath;C:\Program Files (x86)\Common Files\Oracle\Java\javapath;C:\Program Files (x86)\Razer Chroma SDK\bin;C:\Program Files\Razer Chroma SDK\bin;C:\Program Files (x86)\Razer\ChromaBroadcast\bin;C:\Program Files\Razer\ChromaBroadcast\bin;C:\Windows\system32;C:\Windows;C:\Windows\System32\Wbem;C:\Windows\System32\WindowsPowerShell\v1.0\;C:\Windows\System32\OpenSSH\;C:\Windows\system32\config\systemprofile\AppData\Local\Microsoft\WindowsApps;C:\WINDOWS\system32;C:\WINDOWS;C:\WINDOWS\System32\Wbem;C:\WINDOWS\System32\WindowsPowerShell\v1.0\;C:\WINDOWS\System32\OpenSSH\;C:\Program Files\Git\cmd;C:\Users\lucie\AppData\Local\Microsoft\WindowsApps;;C:\Users\lucie\AppData\Local\Programs\Microsoft VS Code\bin
USERNAME=lucie
OS=Windows_NT
PROCESSOR_IDENTIFIER=AMD64 Family 25 Model 80 Stepping 0, AuthenticAMD
TMP=C:\Users\lucie\AppData\Local\Temp
TEMP=C:\Users\lucie\AppData\Local\Temp



---------------  S Y S T E M  ---------------

OS:
 Windows 11 , 64 bit Build 22621 (10.0.22621.2070)
OS uptime: 6 days 11:30 hours

CPU: total 12 (initial active 12) (12 cores per cpu, 2 threads per core) family 25 model 80 stepping 0 microcode 0x0, cx8, cmov, fxsr, ht, mmx, 3dnowpref, sse, sse2, sse3, ssse3, sse4a, sse4.1, sse4.2, popcnt, lzcnt, tsc, tscinvbit, avx, avx2, aes, erms, clmul, bmi1, bmi2, adx, sha, fma, vzeroupper, clflush, clflushopt, rdtscp, rdpid, fsrm

Memory: 4k page, system-wide physical 15754M (833M free)
TotalPageFile size 21926M (AvailPageFile size 0M)
current process WorkingSet (physical memory assigned to process): 32M, peak: 32M
current process commit charge ("private bytes"): 334M, peak: 335M

vm_info: Java HotSpot(TM) 64-Bit Server VM (19.0.2+7-44) for windows-amd64 JRE (19.0.2+7-44), built on 2022-11-30T18:02:09Z by "mach5one" with MS VC++ 17.1 (VS2022)

END.
